<?xml version="1.0" encoding="UTF-8"?>
<!-- Generated by org.testng.reporters.JUnitXMLReporter -->
<testsuite ignored="0" hostname="LAPTOP-OVVQL70O" failures="0" tests="17" name="Gesamte TestPlan" time="22.113" errors="0" timestamp="2021-12-22T16:38:45 MEZ">
  <testcase classname="Testcase.TestPlan" name="RegisterTest" time="4.567"/>
  <testcase classname="Testcase.TestPlan" name="LoginTest" time="2.294"/>
  <testcase classname="Testcase.TestPlan" name="AddBook1ToCartTest" time="1.642"/>
  <testcase classname="Testcase.TestPlan" name="AddBook2ToCartTest" time="1.12"/>
  <testcase classname="Testcase.TestPlan" name="ShoppingCardClickTest" time="0.719"/>
  <testcase classname="Testcase.TestPlan" name="PreisBook1" time="0.4"/>
  <testcase classname="Testcase.TestPlan" name="PreisBook2" time="0.388"/>
  <testcase classname="Testcase.TestPlan" name="UpdateCartTest" time="1.317"/>
  <testcase classname="Testcase.TestPlan" name="EstimateShippingTest" time="3.03"/>
  <testcase classname="Testcase.TestPlan" name="BillingAddressTest" time="0.591"/>
  <testcase classname="Testcase.TestPlan" name="ShippingAddressTest" time="0.6"/>
  <testcase classname="Testcase.TestPlan" name="ShippingMethodTest" time="0.599"/>
  <testcase classname="Testcase.TestPlan" name="PaymentMethodTest" time="0.6"/>
  <testcase classname="Testcase.TestPlan" name="PaymentInformationTest" time="0.636"/>
  <testcase classname="Testcase.TestPlan" name="ConfirmOrderTest" time="0.604"/>
  <testcase classname="Testcase.TestPlan" name="successOrderTest" time="2.059"/>
  <testcase classname="Testcase.TestPlan" name="OrderEndTest" time="0.923"/>
</testsuite> <!-- Gesamte TestPlan -->
