<?xml version="1.0" encoding="UTF-8"?>
<testng-results ignored="0" total="1" passed="1" failed="0" skipped="0">
  <reporter-output>
  </reporter-output>
  <suite started-at="2021-12-29T10:37:42 MEZ" name="All Test Suite" finished-at="2021-12-29T10:37:49 MEZ" duration-ms="7238">
    <groups>
    </groups>
    <test started-at="2021-12-29T10:37:42 MEZ" name="Login Test" finished-at="2021-12-29T10:37:49 MEZ" duration-ms="7238">
      <class name="Testcase.LoginTest">
        <test-method is-config="true" signature="StartDriver(java.lang.String)[pri:0, instance:Testcase.LoginTest@f78a47e]" started-at="2021-12-29T10:37:37 MEZ" name="StartDriver" finished-at="2021-12-29T10:37:42 MEZ" duration-ms="5050" status="PASS">
          <params>
            <param index="0">
              <value>
                <![CDATA[chrome]]>
              </value>
            </param>
          </params>
          <reporter-output>
          </reporter-output>
        </test-method> <!-- StartDriver -->
        <test-method signature="LoginTest1()[pri:0, instance:Testcase.LoginTest@f78a47e]" started-at="2021-12-29T10:37:42 MEZ" name="LoginTest1" finished-at="2021-12-29T10:37:49 MEZ" duration-ms="7211" status="PASS">
          <reporter-output>
          </reporter-output>
        </test-method> <!-- LoginTest1 -->
        <test-method is-config="true" signature="TearDown(org.testng.ITestResult)[pri:0, instance:Testcase.LoginTest@f78a47e]" started-at="2021-12-29T10:37:49 MEZ" name="TearDown" finished-at="2021-12-29T10:37:49 MEZ" duration-ms="0" status="PASS">
          <params>
            <param index="0">
              <value>
                <![CDATA[[TestResult name=LoginTest1 status=SUCCESS method=LoginTest.LoginTest1()[pri:0, instance:Testcase.LoginTest@f78a47e] output={null}]]]>
              </value>
            </param>
          </params>
          <reporter-output>
          </reporter-output>
        </test-method> <!-- TearDown -->
        <test-method is-config="true" signature="QuitDriver()[pri:0, instance:Testcase.LoginTest@f78a47e]" started-at="2021-12-29T10:37:49 MEZ" name="QuitDriver" finished-at="2021-12-29T10:37:50 MEZ" duration-ms="1603" status="PASS">
          <reporter-output>
          </reporter-output>
        </test-method> <!-- QuitDriver -->
      </class> <!-- Testcase.LoginTest -->
    </test> <!-- Login Test -->
  </suite> <!-- All Test Suite -->
</testng-results>
