<?xml version="1.0" encoding="UTF-8"?>
<testsuite xmlns:xsi="http://www.w3.org/2001/XMLSchema-instance" xsi:noNamespaceSchemaLocation="https://maven.apache.org/surefire/maven-surefire-plugin/xsd/surefire-test-report-3.0.xsd" version="3.0" name="TestSuite" time="38.521" tests="17" errors="0" skipped="0" failures="0">
  <properties>
[...]
</properties>
  <testcase name="RegisterTest" classname="Testcase.TestPlan" time="10.071">
    <system-out><![CDATA[
====================<Start Test Gesamte TestPlan>====================

>--------------------------------------------------<
Test Start: RegisterTest
Hinweis: es werden zufälligen Werte für Email und Password eingegebn,
 denn Firstname odre Lastname ist nicht TestDate eingegeben
Test Success: RegisterTest
]]></system-out>
    <system-err><![CDATA[[main] INFO io.github.bonigarcia.wdm.WebDriverManager - Using chromedriver 96.0.4664.45 (resolved driver for Chrome 96)
[main] INFO io.github.bonigarcia.wdm.WebDriverManager - Exporting webdriver.chrome.driver as C:\WINDOWS\system32\config\systemprofile\.cache\selenium\chromedriver\win32\96.0.4664.45\chromedriver.exe
Starting ChromeDriver 96.0.4664.45 (76e4c1bb2ab4671b8beba3444e61c0f17584b2fc-refs/branch-heads/4664@{#947}) on port 52038
Only local connections are allowed.
Please see https://chromedriver.chromium.org/security-considerations for suggestions on keeping ChromeDriver safe.
ChromeDriver was started successfully.
Jan. 03, 2022 1:22:31 VORM. org.openqa.selenium.remote.ProtocolHandshake createSession
INFORMATION: Detected dialect: W3C
Jan. 03, 2022 1:22:32 VORM. org.openqa.selenium.devtools.CdpVersionFinder findNearestMatch
INFORMATION: Found exact CDP implementation for version 96
]]></system-err>
  </testcase>
  <testcase name="LoginTest" classname="Testcase.TestPlan" time="1.9">
    <system-out><![CDATA[
>--------------------------------------------------<
Test Start: LoginTest
demo.mann@test.de     123456789
Test Success: LoginTest
]]></system-out>
  </testcase>
  <testcase name="AddBook1ToCartTest" classname="Testcase.TestPlan" time="2.07">
    <system-out><![CDATA[
>--------------------------------------------------<
Test Start: AddBook1ToCartTest
Test Success: AddBook1ToCartTest
]]></system-out>
  </testcase>
  <testcase name="AddBook2ToCartTest" classname="Testcase.TestPlan" time="1.617">
    <system-out><![CDATA[
>--------------------------------------------------<
Test Start: AddBook2ToCartTest
Test Success: AddBook2ToCartTest
]]></system-out>
  </testcase>
  <testcase name="ShoppingCardClickTest" classname="Testcase.TestPlan" time="0.49">
    <system-out><![CDATA[
>--------------------------------------------------<
Test Start: ShoppingCardClickTest
Test Success: ShoppingCardClickTest
]]></system-out>
  </testcase>
  <testcase name="PreisBook1" classname="Testcase.TestPlan" time="0.348">
    <system-out><![CDATA[
>--------------------------------------------------<
Test Start: PreisBook1
One Book1 Price from APP: 10.0,  Qty Book1 Price: 1.0,   Total Book1 Price:  10.0
Test Success: PreisBook1
]]></system-out>
  </testcase>
  <testcase name="PreisBook2" classname="Testcase.TestPlan" time="0.33">
    <system-out><![CDATA[
>--------------------------------------------------<
Test Start: PreisBook2
One Book2 Price from APP: 24.00,  Qty Book2 Price: 1,   Total Book2 Price:  24.00
Test Success: PreisBook2
]]></system-out>
  </testcase>
  <testcase name="UpdateCartTest" classname="Testcase.TestPlan" time="1.064">
    <system-out><![CDATA[
>--------------------------------------------------<
Test Start: UpdateCartTest
Test Success: UpdateCartTest
]]></system-out>
  </testcase>
  <testcase name="EstimateShippingTest" classname="Testcase.TestPlan" time="2.969">
    <system-out><![CDATA[
>--------------------------------------------------<
Test Start: EstimateShippingTest
Test Success: EstimateShippingTest
]]></system-out>
  </testcase>
  <testcase name="BillingAddressTest" classname="Testcase.TestPlan" time="0.601">
    <system-out><![CDATA[
>--------------------------------------------------<
Test Start: BillingAddressTest
Test Success: BillingAddressTest
]]></system-out>
  </testcase>
  <testcase name="ShippingAddressTest" classname="Testcase.TestPlan" time="1.106">
    <system-out><![CDATA[
>--------------------------------------------------<
Test Start: ShippingAddressTest
Test Success: ShippingAddressTest
]]></system-out>
  </testcase>
  <testcase name="ShippingMethodTest" classname="Testcase.TestPlan" time="1.102">
    <system-out><![CDATA[
>--------------------------------------------------<
Test Start: ShippingMethodTest
Test Success: ShippingMethodTest
]]></system-out>
  </testcase>
  <testcase name="PaymentMethodTest" classname="Testcase.TestPlan" time="0.593">
    <system-out><![CDATA[
>--------------------------------------------------<
Test Start: PaymentMethodTest
Test Success: PaymentMethodTest
]]></system-out>
  </testcase>
  <testcase name="PaymentInformationTest" classname="Testcase.TestPlan" time="0.646">
    <system-out><![CDATA[
>--------------------------------------------------<
Test Start: PaymentInformationTest
You will pay by COD
Test Success: PaymentInformationTest
]]></system-out>
  </testcase>
  <testcase name="ConfirmOrderTest" classname="Testcase.TestPlan" time="0.604">
    <system-out><![CDATA[
>--------------------------------------------------<
Test Start: ConfirmOrderTest
Test Success: ConfirmOrderTest
]]></system-out>
  </testcase>
  <testcase name="successOrderTest" classname="Testcase.TestPlan" time="2.533">
    <system-out><![CDATA[
>--------------------------------------------------<
Test Start: successOrderTest
Test Success: successOrderTest
]]></system-out>
  </testcase>
  <testcase name="OrderEndTest" classname="Testcase.TestPlan" time="0.878">
    <system-out><![CDATA[
>--------------------------------------------------<
Test Start: OrderEndTest
Test Success: OrderEndTest
]]></system-out>
  </testcase>
</testsuite>